<?xml version="1.0" encoding="UTF-8"?>
<!-- Generated by org.testng.reporters.JUnitXMLReporter -->
<testsuite ignored="0" hostname="DESKTOP-1LT4EKS" failures="1" tests="3" name="Surefire test" time="5.107" errors="0" timestamp="2022-06-03T14:07:46 CDT">
  <testcase classname="uv.fei.tutorias.PeriodoEscolarDAOTest" name="testObtenerPeriodoEscolarPorId on testObtenerPeriodoEscolarPorId(uv.fei.tutorias.PeriodoEscolarDAOTest)" time="3.569"/>
  <testcase classname="uv.fei.tutorias.PeriodoEscolarDAOTest" name="testAgregarPeriodoEscolar on testAgregarPeriodoEscolar(uv.fei.tutorias.PeriodoEscolarDAOTest)" time="4.233"/>
  <testcase classname="uv.fei.tutorias.PeriodoEscolarDAOTest" name="testObtenerPeriodosEscolares on testObtenerPeriodosEscolares(uv.fei.tutorias.PeriodoEscolarDAOTest)" time="4.884">
    <failure type="java.lang.AssertionError">
      <![CDATA[java.lang.AssertionError
at org.junit.Assert.fail(Assert.java:87)
at org.junit.Assert.assertTrue(Assert.java:42)
at org.junit.Assert.assertTrue(Assert.java:53)
at uv.fei.tutorias.PeriodoEscolarDAOTest.testObtenerPeriodosEscolares(PeriodoEscolarDAOTest.java:40)
at org.junit.runners.model.FrameworkMethod$1.runReflectiveCall(FrameworkMethod.java:59)
at org.junit.internal.runners.model.ReflectiveCallable.run(ReflectiveCallable.java:12)
at org.junit.runners.model.FrameworkMethod.invokeExplosively(FrameworkMethod.java:56)
at org.junit.internal.runners.statements.InvokeMethod.evaluate(InvokeMethod.java:17)
at org.junit.internal.runners.statements.RunBefores.evaluate(RunBefores.java:26)
at org.junit.runners.ParentRunner$3.evaluate(ParentRunner.java:306)
at org.junit.runners.BlockJUnit4ClassRunner$1.evaluate(BlockJUnit4ClassRunner.java:100)
at org.junit.runners.ParentRunner.runLeaf(ParentRunner.java:366)
at org.junit.runners.BlockJUnit4ClassRunner.runChild(BlockJUnit4ClassRunner.java:103)
at org.junit.runners.BlockJUnit4ClassRunner.runChild(BlockJUnit4ClassRunner.java:63)
at org.junit.runners.ParentRunner$4.run(ParentRunner.java:331)
at org.junit.runners.ParentRunner$1.schedule(ParentRunner.java:79)
at org.junit.runners.ParentRunner.runChildren(ParentRunner.java:329)
at org.junit.runners.ParentRunner.access$100(ParentRunner.java:66)
at org.junit.runners.ParentRunner$2.evaluate(ParentRunner.java:293)
at org.junit.runners.ParentRunner$3.evaluate(ParentRunner.java:306)
at org.junit.runners.ParentRunner.run(ParentRunner.java:413)
at org.junit.runner.JUnitCore.run(JUnitCore.java:137)
at org.junit.runner.JUnitCore.run(JUnitCore.java:115)
at java.base/java.util.ArrayList.forEach(ArrayList.java:1511)
... Removed 27 stack frames]]>
    </failure>
  </testcase> <!-- testObtenerPeriodosEscolares on testObtenerPeriodosEscolares(uv.fei.tutorias.PeriodoEscolarDAOTest) -->
</testsuite> <!-- Surefire test -->
